\BOOKMARK [0][-]{chapter.1}{\376\377\000B\000a\000s\000i\000c\000s}{}% 1
\BOOKMARK [1][-]{section.1.1}{\376\377\000O\000v\000e\000r\000v\000i\000e\000w}{chapter.1}% 2
\BOOKMARK [1][-]{section.1.2}{\376\377\000W\000h\000y\000\040\000d\000o\000\040\000y\000o\000u\000\040\000n\000e\000e\000d\000\040\000t\000h\000i\000s\000\040\000c\000o\000d\000e\000?}{chapter.1}% 3
\BOOKMARK [1][-]{section.1.3}{\376\377\000I\000n\000s\000t\000a\000l\000l\000a\000t\000i\000o\000n\000\040\000a\000n\000d\000\040\000r\000e\000q\000u\000i\000r\000e\000m\000e\000n\000t\000s}{chapter.1}% 4
\BOOKMARK [1][-]{section.1.4}{\376\377\000Q\000u\000i\000c\000k\000\040\000s\000t\000a\000r\000t}{chapter.1}% 5
\BOOKMARK [1][-]{section.1.5}{\376\377\000L\000i\000c\000e\000n\000s\000e\000\040\000a\000n\000d\000\040\000c\000i\000t\000a\000t\000i\000o\000n}{chapter.1}% 6
\BOOKMARK [0][-]{chapter.2}{\376\377\000D\000e\000t\000a\000i\000l\000e\000d\000\040\000e\000x\000p\000l\000a\000n\000a\000t\000i\000o\000n}{}% 7
\BOOKMARK [1][-]{section.2.1}{\376\377\000I\000n\000i\000t\000i\000a\000l\000i\000s\000a\000t\000i\000o\000n}{chapter.2}% 8
\BOOKMARK [1][-]{section.2.2}{\376\377\000R\000e\000f\000e\000r\000e\000n\000c\000e\000\040\000f\000r\000e\000q\000u\000e\000n\000c\000y}{chapter.2}% 9
\BOOKMARK [1][-]{section.2.3}{\376\377\000G\000e\000n\000e\000r\000a\000l\000\040\000f\000r\000e\000q\000u\000e\000n\000c\000y}{chapter.2}% 10
\BOOKMARK [1][-]{section.2.4}{\376\377\000C\000h\000r\000o\000m\000a\000t\000i\000c\000\040\000d\000i\000s\000t\000o\000r\000t\000i\000o\000n\000s}{chapter.2}% 11
\BOOKMARK [1][-]{section.2.5}{\376\377\000V\000i\000s\000u\000a\000l\000i\000s\000a\000t\000i\000o\000n}{chapter.2}% 12
\BOOKMARK [0][-]{chapter.3}{\376\377\000O\000t\000h\000e\000r\000\040\000f\000u\000n\000c\000t\000i\000o\000n\000s}{}% 13
\BOOKMARK [0][-]{chapter.4}{\376\377\000G\000e\000n\000e\000r\000a\000l\000\040\000r\000e\000m\000a\000r\000k\000s}{}% 14
\BOOKMARK [0][-]{chapter.5}{\376\377\000A\000P\000I\000\040\000R\000e\000f\000e\000r\000e\000n\000c\000e}{}% 15
\BOOKMARK [1][-]{section.5.1}{\376\377\000P\000a\000r\000a\000m\000e\000t\000e\000r\000s}{chapter.5}% 16
\BOOKMARK [1][-]{section.5.2}{\376\377\000P\000a\000r\000a\000m\000e\000t\000e\000r\000s}{chapter.5}% 17
\BOOKMARK [1][-]{section.5.3}{\376\377\000R\000e\000t\000u\000r\000n\000s}{chapter.5}% 18
\BOOKMARK [1][-]{section.5.4}{\376\377\000A\000t\000t\000r\000i\000b\000u\000t\000e\000s}{chapter.5}% 19
\BOOKMARK [1][-]{section.5.5}{\376\377\000M\000e\000t\000h\000o\000d\000s}{chapter.5}% 20
\BOOKMARK [2][-]{subsection.5.5.1}{\376\377\000P\000a\000r\000a\000m\000e\000t\000e\000r\000s}{section.5.5}% 21
\BOOKMARK [2][-]{subsection.5.5.2}{\376\377\000R\000e\000t\000u\000r\000n\000s}{section.5.5}% 22
\BOOKMARK [2][-]{subsection.5.5.3}{\376\377\000P\000a\000r\000a\000m\000e\000t\000e\000r\000s}{section.5.5}% 23
\BOOKMARK [2][-]{subsection.5.5.4}{\376\377\000R\000e\000t\000u\000r\000n\000s}{section.5.5}% 24
\BOOKMARK [2][-]{subsection.5.5.5}{\376\377\000P\000a\000r\000a\000m\000e\000t\000e\000r\000s}{section.5.5}% 25
\BOOKMARK [2][-]{subsection.5.5.6}{\376\377\000R\000e\000t\000u\000r\000n\000s}{section.5.5}% 26
\BOOKMARK [2][-]{subsection.5.5.7}{\376\377\000R\000e\000t\000u\000r\000n\000s}{section.5.5}% 27
\BOOKMARK [2][-]{subsection.5.5.8}{\376\377\000P\000a\000r\000a\000m\000e\000t\000e\000r\000s}{section.5.5}% 28
\BOOKMARK [0][-]{section*.15}{\376\377\000P\000y\000t\000h\000o\000n\000\040\000M\000o\000d\000u\000l\000e\000\040\000I\000n\000d\000e\000x}{}% 29
\BOOKMARK [0][-]{section*.16}{\376\377\000I\000n\000d\000e\000x}{}% 30
